# JRE version: OpenJDK Runtime Environment (8.0_181-b13) (build 1.8.0_181-8u181-b13-0ubuntu0.18.04.1-b13)
# Java VM: OpenJDK 64-Bit Server VM (25.181-b13 mixed mode linux-amd64 compressed oops)
Heap:
 garbage-first heap   total 553984K, used 393216K [0x00000000c0000000, 0x00000000c01010e8, 0x0000000100000000)
  region size 1024K, 176 young (180224K), 22 survivors (22528K)
 Metaspace       used 85985K, capacity 95808K, committed 95972K, reserved 1132544K
  class space    used 10199K, capacity 12977K, committed 13040K, reserved 1048576K
GC Heap History (10 events):
Event: 217,076 GC heap before
{Heap before GC invocations=188 (full 0):
 garbage-first heap   total 274432K, used 244839K [0x00000000c0000000, 0x00000000c0100860, 0x0000000100000000)
  region size 1024K, 34 young (34816K), 1 survivors (1024K)
 Metaspace       used 84652K, capacity 94432K, committed 94692K, reserved 1130496K
  class space    used 10070K, capacity 12919K, committed 13040K, reserved 1048576K
Event: 217,082 GC heap after
Heap after GC invocations=189 (full 0):
 garbage-first heap   total 274432K, used 211056K [0x00000000c0000000, 0x00000000c0100860, 0x0000000100000000)
  region size 1024K, 1 young (1024K), 1 survivors (1024K)
 Metaspace       used 84652K, capacity 94432K, committed 94692K, reserved 1130496K
  class space    used 10070K, capacity 12919K, committed 13040K, reserved 1048576K
}
Event: 217,158 GC heap before
{Heap before GC invocations=189 (full 0):
 garbage-first heap   total 274432K, used 244848K [0x00000000c0000000, 0x00000000c0100860, 0x0000000100000000)
  region size 1024K, 34 young (34816K), 1 survivors (1024K)
 Metaspace       used 84652K, capacity 94432K, committed 94692K, reserved 1130496K
  class space    used 10070K, capacity 12919K, committed 13040K, reserved 1048576K
Event: 217,167 GC heap after
Heap after GC invocations=190 (full 0):
 garbage-first heap   total 274432K, used 213221K [0x00000000c0000000, 0x00000000c0100860, 0x0000000100000000)
  region size 1024K, 3 young (3072K), 3 survivors (3072K)
 Metaspace       used 84652K, capacity 94432K, committed 94692K, reserved 1130496K
  class space    used 10070K, capacity 12919K, committed 13040K, reserved 1048576K
}
Event: 217,262 GC heap before
{Heap before GC invocations=191 (full 0):
 garbage-first heap   total 274432K, used 234725K [0x00000000c0000000, 0x00000000c0100860, 0x0000000100000000)
  region size 1024K, 32 young (32768K), 3 survivors (3072K)
 Metaspace       used 84652K, capacity 94432K, committed 94692K, reserved 1130496K
  class space    used 10070K, capacity 12919K, committed 13040K, reserved 1048576K
Event: 217,281 GC heap after
Heap after GC invocations=192 (full 0):
 garbage-first heap   total 274432K, used 209899K [0x00000000c0000000, 0x00000000c0100860, 0x0000000100000000)
  region size 1024K, 4 young (4096K), 4 survivors (4096K)
 Metaspace       used 84652K, capacity 94432K, committed 94692K, reserved 1130496K
  class space    used 10070K, capacity 12919K, committed 13040K, reserved 1048576K
}
Event: 217,300 GC heap before
{Heap before GC invocations=192 (full 0):
 garbage-first heap   total 274432K, used 219115K [0x00000000c0000000, 0x00000000c0100860, 0x0000000100000000)
  region size 1024K, 13 young (13312K), 4 survivors (4096K)
 Metaspace       used 84652K, capacity 94432K, committed 94692K, reserved 1130496K
  class space    used 10070K, capacity 12919K, committed 13040K, reserved 1048576K
Event: 217,324 GC heap after
Heap after GC invocations=193 (full 0):
 garbage-first heap   total 430080K, used 203026K [0x00000000c0000000, 0x00000000c0100d20, 0x0000000100000000)
  region size 1024K, 2 young (2048K), 2 survivors (2048K)
 Metaspace       used 84652K, capacity 94432K, committed 94692K, reserved 1130496K
  class space    used 10070K, capacity 12919K, committed 13040K, reserved 1048576K
}
Event: 217,794 GC heap before
{Heap before GC invocations=193 (full 0):
 garbage-first heap   total 430080K, used 376082K [0x00000000c0000000, 0x00000000c0100d20, 0x0000000100000000)
  region size 1024K, 171 young (175104K), 2 survivors (2048K)
 Metaspace       used 84663K, capacity 94432K, committed 94692K, reserved 1130496K
  class space    used 10070K, capacity 12919K, committed 13040K, reserved 1048576K
Event: 217,832 GC heap after
Heap after GC invocations=194 (full 0):
 garbage-first heap   total 553984K, used 236544K [0x00000000c0000000, 0x00000000c01010e8, 0x0000000100000000)
  region size 1024K, 22 young (22528K), 22 survivors (22528K)
 Metaspace       used 84663K, capacity 94432K, committed 94692K, reserved 1130496K
  class space    used 10070K, capacity 12919K, committed 13040K, reserved 1048576K
}

